2020-02-15 17:37:58,473 INFO o.a.j.u.JMeterUtils: Setting Locale to en_EN
2020-02-15 17:37:58,507 INFO o.a.j.JMeter: Loading user properties from: /home/haolinwei/Downloads/apache-jmeter-5.1.1/bin/user.properties
2020-02-15 17:37:58,508 INFO o.a.j.JMeter: Loading system properties from: /home/haolinwei/Downloads/apache-jmeter-5.1.1/bin/system.properties
2020-02-15 17:37:58,508 INFO o.a.j.JMeter: Setting JMeter property: host=ec2-3-17-158-206.us-east-2.compute.amazonaws.com
2020-02-15 17:37:58,509 INFO o.a.j.JMeter: Setting JMeter property: threads=9
2020-02-15 17:37:58,509 INFO o.a.j.JMeter: Setting JMeter property: duration=300
2020-02-15 17:37:58,515 INFO o.a.j.JMeter: Copyright (c) 1998-2019 The Apache Software Foundation
2020-02-15 17:37:58,515 INFO o.a.j.JMeter: Version 5.1.1 r1855137
2020-02-15 17:37:58,516 INFO o.a.j.JMeter: java.version=11.0.6
2020-02-15 17:37:58,516 INFO o.a.j.JMeter: java.vm.name=OpenJDK 64-Bit Server VM
2020-02-15 17:37:58,516 INFO o.a.j.JMeter: os.name=Linux
2020-02-15 17:37:58,516 INFO o.a.j.JMeter: os.arch=amd64
2020-02-15 17:37:58,516 INFO o.a.j.JMeter: os.version=4.15.0-76-generic
2020-02-15 17:37:58,516 INFO o.a.j.JMeter: file.encoding=UTF-8
2020-02-15 17:37:58,516 INFO o.a.j.JMeter: java.awt.headless=true
2020-02-15 17:37:58,517 INFO o.a.j.JMeter: Max memory     =1073741824
2020-02-15 17:37:58,517 INFO o.a.j.JMeter: Available Processors =4
2020-02-15 17:37:58,526 INFO o.a.j.JMeter: Default Locale=English (EN)
2020-02-15 17:37:58,527 INFO o.a.j.JMeter: JMeter  Locale=English (EN)
2020-02-15 17:37:58,527 INFO o.a.j.JMeter: JMeterHome=/home/haolinwei/Downloads/apache-jmeter-5.1.1
2020-02-15 17:37:58,527 INFO o.a.j.JMeter: user.dir  =/home/haolinwei/Apps/Public/docs/performance/product
2020-02-15 17:37:58,527 INFO o.a.j.JMeter: PWD       =/home/haolinwei/Apps/Public/docs/performance/product
2020-02-15 17:37:58,528 INFO o.a.j.JMeter: IP: 127.0.1.1 Name: haolinwei-Lenovo-IdeaPad-Y400 FullName: haolinwei-Lenovo-IdeaPad-Y400
2020-02-15 17:37:58,531 INFO o.a.j.JMeter: Setting property 'jmeter.reportgenerator.outputdir' to:'/home/haolinwei/Apps/Public/docs/performance/product/temp/dashboard'
2020-02-15 17:37:58,534 INFO o.a.j.s.FileServer: Default base='/home/haolinwei/Apps/Public/docs/performance/product'
2020-02-15 17:37:58,536 INFO o.a.j.s.FileServer: Set new base='/home/haolinwei/Apps/Public/docs/performance/product'
2020-02-15 17:37:58,727 INFO o.a.j.s.SaveService: Testplan (JMX) version: 2.2. Testlog (JTL) version: 2.2
2020-02-15 17:37:58,758 INFO o.a.j.s.SaveService: Using SaveService properties version 5.0
2020-02-15 17:37:58,765 INFO o.a.j.s.SaveService: Using SaveService properties file encoding UTF-8
2020-02-15 17:37:58,772 INFO o.a.j.s.SaveService: Loading file: /home/haolinwei/Apps/Public/docs/performance/product/getProductByCategory-test-plan.jmx
2020-02-15 17:37:58,833 INFO o.a.j.p.h.s.HTTPSamplerBase: Parser for text/html is org.apache.jmeter.protocol.http.parser.LagartoBasedHtmlParser
2020-02-15 17:37:58,833 INFO o.a.j.p.h.s.HTTPSamplerBase: Parser for application/xhtml+xml is org.apache.jmeter.protocol.http.parser.LagartoBasedHtmlParser
2020-02-15 17:37:58,833 INFO o.a.j.p.h.s.HTTPSamplerBase: Parser for application/xml is org.apache.jmeter.protocol.http.parser.LagartoBasedHtmlParser
2020-02-15 17:37:58,833 INFO o.a.j.p.h.s.HTTPSamplerBase: Parser for text/xml is org.apache.jmeter.protocol.http.parser.LagartoBasedHtmlParser
2020-02-15 17:37:58,833 INFO o.a.j.p.h.s.HTTPSamplerBase: Parser for text/vnd.wap.wml is org.apache.jmeter.protocol.http.parser.RegexpHTMLParser
2020-02-15 17:37:58,833 INFO o.a.j.p.h.s.HTTPSamplerBase: Parser for text/css is org.apache.jmeter.protocol.http.parser.CssParser
2020-02-15 17:37:58,875 INFO o.a.j.JMeter: Creating summariser <summary>
2020-02-15 17:37:58,881 INFO o.a.j.r.d.ReportGenerator: ReportGenerator will use for Parsing the separator: ','
2020-02-15 17:37:58,881 INFO o.a.j.r.d.ReportGenerator: Will generate report at end of test from  results file: /home/haolinwei/Apps/Public/docs/performance/product/temp/results.csv
2020-02-15 17:37:58,881 INFO o.a.j.r.d.ReportGenerator: Reading report generator properties from: /home/haolinwei/Downloads/apache-jmeter-5.1.1/bin/reportgenerator.properties
2020-02-15 17:37:58,882 INFO o.a.j.r.d.ReportGenerator: Merging with JMeter properties
2020-02-15 17:37:58,887 INFO o.a.j.r.c.ReportGeneratorConfiguration: Property 'jmeter.reportgenerator.temp_dir' not found, using default value 'temp' instead.
2020-02-15 17:37:58,890 INFO o.a.j.r.c.ReportGeneratorConfiguration: Property 'jmeter.reportgenerator.apdex_per_transaction' not found, using default value 'null' instead.
2020-02-15 17:37:58,891 INFO o.a.j.r.c.ReportGeneratorConfiguration: apdex_per_transaction : {} is empty, not APDEX per transaction customization
2020-02-15 17:37:58,891 INFO o.a.j.r.c.ReportGeneratorConfiguration: Property 'jmeter.reportgenerator.sample_filter' not found, using default value 'null' instead.
2020-02-15 17:37:58,891 INFO o.a.j.r.c.ReportGeneratorConfiguration: Property 'jmeter.reportgenerator.report_title' not found, using default value 'null' instead.
2020-02-15 17:37:58,892 INFO o.a.j.r.c.ReportGeneratorConfiguration: Property 'jmeter.reportgenerator.start_date' not found, using default value 'null' instead.
2020-02-15 17:37:58,892 INFO o.a.j.r.c.ReportGeneratorConfiguration: Property 'jmeter.reportgenerator.end_date' not found, using default value 'null' instead.
2020-02-15 17:37:58,892 INFO o.a.j.r.c.ReportGeneratorConfiguration: Property 'jmeter.reportgenerator.date_format' not found, using default value 'null' instead.
2020-02-15 17:37:58,893 INFO o.a.j.r.c.ReportGeneratorConfiguration: Will use date range start date: null, end date: null
2020-02-15 17:37:58,899 INFO o.a.j.r.c.ReportGeneratorConfiguration: Property 'jmeter.reportgenerator.graph.totalTPS.exclude_controllers' not found, using default value 'false' instead.
2020-02-15 17:37:58,900 INFO o.a.j.r.c.ReportGeneratorConfiguration: Property 'jmeter.reportgenerator.graph.activeThreadsOverTime.exclude_controllers' not found, using default value 'false' instead.
2020-02-15 17:37:58,900 INFO o.a.j.r.c.ReportGeneratorConfiguration: Property 'jmeter.reportgenerator.graph.timeVsThreads.exclude_controllers' not found, using default value 'false' instead.
2020-02-15 17:37:58,900 INFO o.a.j.r.c.ReportGeneratorConfiguration: Property 'jmeter.reportgenerator.graph.responseTimeDistribution.exclude_controllers' not found, using default value 'false' instead.
2020-02-15 17:37:58,900 INFO o.a.j.r.c.ReportGeneratorConfiguration: Property 'jmeter.reportgenerator.graph.transactionsPerSecond.exclude_controllers' not found, using default value 'false' instead.
2020-02-15 17:37:58,901 INFO o.a.j.r.c.ReportGeneratorConfiguration: Property 'jmeter.reportgenerator.graph.responseTimePercentiles.exclude_controllers' not found, using default value 'false' instead.
2020-02-15 17:37:58,901 INFO o.a.j.r.c.ReportGeneratorConfiguration: Property 'jmeter.reportgenerator.graph.responseTimePercentilesOverTime.exclude_controllers' not found, using default value 'false' instead.
2020-02-15 17:37:58,901 INFO o.a.j.r.c.ReportGeneratorConfiguration: Property 'jmeter.reportgenerator.graph.responseTimesOverTime.exclude_controllers' not found, using default value 'false' instead.
2020-02-15 17:37:58,902 INFO o.a.j.r.c.ReportGeneratorConfiguration: Property 'jmeter.reportgenerator.graph.connectTimeOverTime.exclude_controllers' not found, using default value 'false' instead.
2020-02-15 17:37:58,902 INFO o.a.j.r.c.ReportGeneratorConfiguration: Property 'jmeter.reportgenerator.graph.latenciesOverTime.exclude_controllers' not found, using default value 'false' instead.
2020-02-15 17:37:58,906 INFO o.a.j.r.c.ReportGeneratorConfiguration: Property 'jmeter.reportgenerator.exporter.json.filters_only_sample_series' not found, using default value 'true' instead.
2020-02-15 17:37:58,906 INFO o.a.j.r.c.ReportGeneratorConfiguration: Property 'jmeter.reportgenerator.exporter.json.series_filter' not found, using default value '' instead.
2020-02-15 17:37:58,906 INFO o.a.j.r.c.ReportGeneratorConfiguration: Property 'jmeter.reportgenerator.exporter.json.show_controllers_only' not found, using default value 'false' instead.
2020-02-15 17:37:58,907 INFO o.a.j.r.c.ReportGeneratorConfiguration: Property 'jmeter.reportgenerator.exporter.html.filters_only_sample_series' not found, using default value 'true' instead.
2020-02-15 17:37:58,908 INFO o.a.j.r.c.ReportGeneratorConfiguration: Property 'jmeter.reportgenerator.exporter.html.series_filter' not found, using default value '' instead.
2020-02-15 17:37:58,908 INFO o.a.j.r.c.ReportGeneratorConfiguration: Property 'jmeter.reportgenerator.exporter.html.show_controllers_only' not found, using default value 'false' instead.
2020-02-15 17:37:58,917 INFO o.a.j.e.StandardJMeterEngine: Running the test!
2020-02-15 17:37:58,921 INFO o.a.j.s.SampleEvent: List of sample_variables: []
2020-02-15 17:37:58,922 INFO o.a.j.s.SampleEvent: List of sample_variables: []
2020-02-15 17:37:58,931 INFO o.a.j.e.u.CompoundVariable: Note: Function class names must contain the string: '.functions.'
2020-02-15 17:37:58,931 INFO o.a.j.e.u.CompoundVariable: Note: Function class names must not contain the string: '.gui.'
2020-02-15 17:37:59,381 INFO o.a.j.JMeter: Running test (1581806279381)
2020-02-15 17:37:59,406 INFO o.a.j.e.StandardJMeterEngine: Starting ThreadGroup: 1 : Scenario 1
2020-02-15 17:37:59,406 INFO o.a.j.e.StandardJMeterEngine: Starting 9 threads for group Scenario 1.
2020-02-15 17:37:59,406 INFO o.a.j.e.StandardJMeterEngine: Thread will continue on error
2020-02-15 17:37:59,406 INFO o.a.j.t.ThreadGroup: Starting thread group... number=1 threads=9 ramp-up=1 delayedStart=false
2020-02-15 17:37:59,431 INFO o.a.j.t.ThreadGroup: Started thread group number 1
2020-02-15 17:37:59,432 INFO o.a.j.e.StandardJMeterEngine: All thread groups have been started
2020-02-15 17:37:59,503 INFO o.a.j.t.JMeterThread: Thread started: Scenario 1 1-1
2020-02-15 17:37:59,505 INFO o.a.j.s.FileServer: Stored: /home/haolinwei/Apps/Public/docs/performance/product/category-list.csv
2020-02-15 17:37:59,526 INFO o.a.j.p.h.s.HTTPHCAbstractImpl: Local host = haolinwei-Lenovo-IdeaPad-Y400
2020-02-15 17:37:59,535 INFO o.a.j.p.h.s.HTTPHC4Impl: HTTP request retry count = 0
2020-02-15 17:37:59,537 INFO o.a.j.s.SampleResult: Note: Sample TimeStamps are START times
2020-02-15 17:37:59,537 INFO o.a.j.s.SampleResult: sampleresult.default.encoding is set to ISO-8859-1
2020-02-15 17:37:59,537 INFO o.a.j.s.SampleResult: sampleresult.useNanoTime=true
2020-02-15 17:37:59,537 INFO o.a.j.s.SampleResult: sampleresult.nanoThreadSleep=5000
2020-02-15 17:37:59,608 INFO o.a.j.t.JMeterThread: Thread started: Scenario 1 1-2
2020-02-15 17:37:59,715 INFO o.a.j.t.JMeterThread: Thread started: Scenario 1 1-3
2020-02-15 17:37:59,823 INFO o.a.j.t.JMeterThread: Thread started: Scenario 1 1-4
2020-02-15 17:37:59,933 INFO o.a.j.t.JMeterThread: Thread started: Scenario 1 1-5
2020-02-15 17:38:00,042 INFO o.a.j.t.JMeterThread: Thread started: Scenario 1 1-6
2020-02-15 17:38:00,152 INFO o.a.j.t.JMeterThread: Thread started: Scenario 1 1-7
2020-02-15 17:38:00,256 INFO o.a.j.t.JMeterThread: Thread started: Scenario 1 1-8
2020-02-15 17:38:00,365 INFO o.a.j.t.JMeterThread: Thread started: Scenario 1 1-9
2020-02-15 17:38:01,450 INFO o.a.j.r.Summariser: summary +      1 in 00:00:02 =    0.5/s Avg:  1814 Min:  1814 Max:  1814 Err:     0 (0.00%) Active: 9 Started: 9 Finished: 0
2020-02-15 17:38:01,457 INFO o.a.j.u.JsseSSLManager: Using default SSL protocol: TLS
2020-02-15 17:38:01,457 INFO o.a.j.u.JsseSSLManager: SSL session context: per-thread
2020-02-15 17:38:30,122 INFO o.a.j.r.Summariser: summary +    375 in 00:00:29 =   13.1/s Avg:   708 Min:   275 Max:  1831 Err:     0 (0.00%) Active: 9 Started: 9 Finished: 0
2020-02-15 17:38:30,123 INFO o.a.j.r.Summariser: summary =    376 in 00:00:31 =   12.2/s Avg:   711 Min:   275 Max:  1831 Err:     0 (0.00%)
2020-02-15 17:39:00,074 INFO o.a.j.r.Summariser: summary +    399 in 00:00:30 =   13.3/s Avg:   674 Min:   237 Max:  1067 Err:     0 (0.00%) Active: 9 Started: 9 Finished: 0
2020-02-15 17:39:00,075 INFO o.a.j.r.Summariser: summary =    775 in 00:01:01 =   12.8/s Avg:   692 Min:   237 Max:  1831 Err:     0 (0.00%)
2020-02-15 17:39:30,026 INFO o.a.j.r.Summariser: summary +    403 in 00:00:30 =   13.5/s Avg:   669 Min:   206 Max:   928 Err:     0 (0.00%) Active: 9 Started: 9 Finished: 0
2020-02-15 17:39:30,027 INFO o.a.j.r.Summariser: summary =   1178 in 00:01:31 =   13.0/s Avg:   684 Min:   206 Max:  1831 Err:     0 (0.00%)
2020-02-15 17:40:00,012 INFO o.a.j.r.Summariser: summary +    399 in 00:00:30 =   13.3/s Avg:   672 Min:   291 Max:   947 Err:     0 (0.00%) Active: 9 Started: 9 Finished: 0
2020-02-15 17:40:00,013 INFO o.a.j.r.Summariser: summary =   1577 in 00:02:01 =   13.1/s Avg:   681 Min:   206 Max:  1831 Err:     0 (0.00%)
2020-02-15 17:40:30,022 INFO o.a.j.r.Summariser: summary +    407 in 00:00:30 =   13.6/s Avg:   670 Min:   358 Max:   959 Err:     0 (0.00%) Active: 9 Started: 9 Finished: 0
2020-02-15 17:40:30,024 INFO o.a.j.r.Summariser: summary =   1984 in 00:02:31 =   13.2/s Avg:   679 Min:   206 Max:  1831 Err:     0 (0.00%)
2020-02-15 17:41:00,177 INFO o.a.j.r.Summariser: summary +    401 in 00:00:30 =   13.3/s Avg:   670 Min:   354 Max:  1027 Err:     0 (0.00%) Active: 9 Started: 9 Finished: 0
2020-02-15 17:41:00,178 INFO o.a.j.r.Summariser: summary =   2385 in 00:03:01 =   13.2/s Avg:   677 Min:   206 Max:  1831 Err:     0 (0.00%)
2020-02-15 17:41:30,050 INFO o.a.j.r.Summariser: summary +    400 in 00:00:30 =   13.4/s Avg:   670 Min:   332 Max:   934 Err:     0 (0.00%) Active: 9 Started: 9 Finished: 0
2020-02-15 17:41:30,051 INFO o.a.j.r.Summariser: summary =   2785 in 00:03:31 =   13.2/s Avg:   676 Min:   206 Max:  1831 Err:     0 (0.00%)
2020-02-15 17:42:00,086 INFO o.a.j.r.Summariser: summary +    405 in 00:00:30 =   13.5/s Avg:   667 Min:   315 Max:   942 Err:     0 (0.00%) Active: 9 Started: 9 Finished: 0
2020-02-15 17:42:00,087 INFO o.a.j.r.Summariser: summary =   3190 in 00:04:01 =   13.3/s Avg:   675 Min:   206 Max:  1831 Err:     0 (0.00%)
2020-02-15 17:42:30,123 INFO o.a.j.r.Summariser: summary +    404 in 00:00:30 =   13.5/s Avg:   668 Min:   344 Max:  1099 Err:     0 (0.00%) Active: 9 Started: 9 Finished: 0
2020-02-15 17:42:30,124 INFO o.a.j.r.Summariser: summary =   3594 in 00:04:31 =   13.3/s Avg:   674 Min:   206 Max:  1831 Err:     0 (0.00%)
2020-02-15 17:42:59,450 INFO o.a.j.t.JMeterThread: Stopping because end time detected by thread: Scenario 1 1-3
2020-02-15 17:42:59,451 INFO o.a.j.t.JMeterThread: Thread finished: Scenario 1 1-3
2020-02-15 17:42:59,504 INFO o.a.j.t.JMeterThread: Stopping because end time detected by thread: Scenario 1 1-8
2020-02-15 17:42:59,505 INFO o.a.j.t.JMeterThread: Thread finished: Scenario 1 1-8
2020-02-15 17:42:59,558 INFO o.a.j.t.JMeterThread: Stopping because end time detected by thread: Scenario 1 1-7
2020-02-15 17:42:59,558 INFO o.a.j.t.JMeterThread: Thread finished: Scenario 1 1-7
2020-02-15 17:42:59,610 INFO o.a.j.t.JMeterThread: Stopping because end time detected by thread: Scenario 1 1-9
2020-02-15 17:42:59,610 INFO o.a.j.t.JMeterThread: Thread finished: Scenario 1 1-9
2020-02-15 17:42:59,623 INFO o.a.j.t.JMeterThread: Stopping because end time detected by thread: Scenario 1 1-4
2020-02-15 17:42:59,623 INFO o.a.j.t.JMeterThread: Thread finished: Scenario 1 1-4
2020-02-15 17:42:59,709 INFO o.a.j.t.JMeterThread: Stopping because end time detected by thread: Scenario 1 1-2
2020-02-15 17:42:59,709 INFO o.a.j.t.JMeterThread: Thread finished: Scenario 1 1-2
2020-02-15 17:42:59,712 INFO o.a.j.t.JMeterThread: Stopping because end time detected by thread: Scenario 1 1-5
2020-02-15 17:42:59,712 INFO o.a.j.t.JMeterThread: Thread finished: Scenario 1 1-5
2020-02-15 17:42:59,717 INFO o.a.j.t.JMeterThread: Stopping because end time detected by thread: Scenario 1 1-6
2020-02-15 17:42:59,717 INFO o.a.j.t.JMeterThread: Thread finished: Scenario 1 1-6
2020-02-15 17:42:59,750 INFO o.a.j.t.JMeterThread: Stopping because end time detected by thread: Scenario 1 1-1
2020-02-15 17:42:59,750 INFO o.a.j.t.JMeterThread: Thread finished: Scenario 1 1-1
2020-02-15 17:42:59,751 INFO o.a.j.e.StandardJMeterEngine: Notifying test listeners of end of test
2020-02-15 17:42:59,751 INFO o.a.j.s.FileServer: Close: /home/haolinwei/Apps/Public/docs/performance/product/category-list.csv
2020-02-15 17:42:59,753 INFO o.a.j.r.Summariser: summary +    393 in 00:00:30 =   13.3/s Avg:   682 Min:   257 Max:  1124 Err:     0 (0.00%) Active: 0 Started: 9 Finished: 9
2020-02-15 17:42:59,753 INFO o.a.j.r.Summariser: summary =   3987 in 00:05:00 =   13.3/s Avg:   675 Min:   206 Max:  1831 Err:     0 (0.00%)
2020-02-15 17:42:59,754 INFO o.a.j.JMeter: Generating Dashboard
2020-02-15 17:42:59,754 INFO o.a.j.r.d.ReportGenerator: Flushing result collector before report Generation
2020-02-15 17:42:59,772 INFO o.a.j.r.p.NormalizerSampleConsumer: Using format, 'ms', to parse timeStamp field
2020-02-15 17:43:00,239 INFO o.a.j.r.p.AbstractSampleConsumer: class org.apache.jmeter.report.processor.AggregateConsumer#stopProducing(): beginDate produced 0 samples
2020-02-15 17:43:00,240 INFO o.a.j.r.p.AbstractSampleConsumer: class org.apache.jmeter.report.processor.AggregateConsumer#stopProducing(): endDate produced 0 samples
2020-02-15 17:43:00,242 INFO o.a.j.r.p.AbstractSampleConsumer: class org.apache.jmeter.report.processor.ApdexSummaryConsumer#stopProducing(): apdexSummary produced 0 samples
2020-02-15 17:43:00,242 INFO o.a.j.r.p.AbstractSampleConsumer: class org.apache.jmeter.report.processor.RequestsSummaryConsumer#stopProducing(): requestsSummary produced 0 samples
2020-02-15 17:43:00,250 INFO o.a.j.r.p.AbstractSampleConsumer: class org.apache.jmeter.report.processor.StatisticsSummaryConsumer#stopProducing(): statisticsSummary produced 0 samples
2020-02-15 17:43:00,252 INFO o.a.j.r.p.AbstractSampleConsumer: class org.apache.jmeter.report.processor.Top5ErrorsBySamplerConsumer#stopProducing(): top5ErrorsBySampler produced 0 samples
2020-02-15 17:43:00,252 INFO o.a.j.r.p.AbstractSampleConsumer: class org.apache.jmeter.report.processor.ErrorsSummaryConsumer#stopProducing(): errorsSummary produced 0 samples
2020-02-15 17:43:00,253 INFO o.a.j.r.p.AbstractSampleConsumer: class org.apache.jmeter.report.processor.graph.impl.HitsPerSecondGraphConsumer#stopProducing(): hitsPerSecond produced 0 samples
2020-02-15 17:43:00,351 INFO o.a.j.r.p.AbstractSampleConsumer: class org.apache.jmeter.report.processor.graph.impl.LatencyVSRequestGraphConsumer#stopProducing(): latencyVsRequest produced 0 samples
2020-02-15 17:43:00,352 INFO o.a.j.r.p.AbstractSampleConsumer: class org.apache.jmeter.report.processor.graph.impl.SyntheticResponseTimeDistributionGraphConsumer#stopProducing(): syntheticResponseTimeDistribution produced 0 samples
2020-02-15 17:43:00,353 INFO o.a.j.r.p.AbstractSampleConsumer: class org.apache.jmeter.report.processor.graph.impl.BytesThroughputGraphConsumer#stopProducing(): bytesThroughputOverTime produced 0 samples
2020-02-15 17:43:00,353 INFO o.a.j.r.p.AbstractSampleConsumer: class org.apache.jmeter.report.processor.graph.impl.CodesPerSecondGraphConsumer#stopProducing(): codesPerSecond produced 0 samples
2020-02-15 17:43:00,468 INFO o.a.j.r.p.AbstractSampleConsumer: class org.apache.jmeter.report.processor.graph.impl.ResponseTimeVSRequestGraphConsumer#stopProducing(): responseTimeVsRequest produced 0 samples
2020-02-15 17:43:00,469 INFO o.a.j.r.p.AbstractSampleConsumer: class org.apache.jmeter.report.processor.FilterConsumer#stopProducing(): startIntervalControlerFilter produced 27909 samples
2020-02-15 17:43:00,469 INFO o.a.j.r.p.AbstractSampleConsumer: class org.apache.jmeter.report.processor.graph.impl.TotalTPSGraphConsumer#stopProducing(): totalTPS produced 0 samples
2020-02-15 17:43:00,469 INFO o.a.j.r.p.AbstractSampleConsumer: class org.apache.jmeter.report.processor.graph.impl.ActiveThreadsGraphConsumer#stopProducing(): activeThreadsOverTime produced 0 samples
2020-02-15 17:43:00,469 INFO o.a.j.r.p.AbstractSampleConsumer: class org.apache.jmeter.report.processor.graph.impl.TimeVSThreadGraphConsumer#stopProducing(): timeVsThreads produced 0 samples
2020-02-15 17:43:00,470 INFO o.a.j.r.p.AbstractSampleConsumer: class org.apache.jmeter.report.processor.graph.impl.ResponseTimeDistributionGraphConsumer#stopProducing(): responseTimeDistribution produced 0 samples
2020-02-15 17:43:00,470 INFO o.a.j.r.p.AbstractSampleConsumer: class org.apache.jmeter.report.processor.graph.impl.TransactionsPerSecondGraphConsumer#stopProducing(): transactionsPerSecond produced 0 samples
2020-02-15 17:43:00,470 INFO o.a.j.r.p.AbstractSampleConsumer: class org.apache.jmeter.report.processor.graph.impl.ResponseTimePercentilesGraphConsumer#stopProducing(): responseTimePercentiles produced 0 samples
2020-02-15 17:43:00,475 INFO o.a.j.r.p.AbstractSampleConsumer: class org.apache.jmeter.report.processor.graph.impl.ResponseTimePercentilesOverTimeGraphConsumer#stopProducing(): responseTimePercentilesOverTime produced 0 samples
2020-02-15 17:43:00,478 INFO o.a.j.r.p.AbstractSampleConsumer: class org.apache.jmeter.report.processor.graph.impl.ResponseTimeOverTimeGraphConsumer#stopProducing(): responseTimesOverTime produced 0 samples
2020-02-15 17:43:00,478 INFO o.a.j.r.p.AbstractSampleConsumer: class org.apache.jmeter.report.processor.graph.impl.ConnectTimeOverTimeGraphConsumer#stopProducing(): connectTimeOverTime produced 0 samples
2020-02-15 17:43:00,478 INFO o.a.j.r.p.AbstractSampleConsumer: class org.apache.jmeter.report.processor.graph.impl.LatencyOverTimeGraphConsumer#stopProducing(): latenciesOverTime produced 0 samples
2020-02-15 17:43:00,478 INFO o.a.j.r.p.AbstractSampleConsumer: class org.apache.jmeter.report.processor.FilterConsumer#stopProducing(): nameFilter produced 59805 samples
2020-02-15 17:43:00,478 INFO o.a.j.r.p.AbstractSampleConsumer: class org.apache.jmeter.report.processor.FilterConsumer#stopProducing(): dateRangeFilter produced 11961 samples
2020-02-15 17:43:00,478 INFO o.a.j.r.p.AbstractSampleConsumer: class org.apache.jmeter.report.processor.NormalizerSampleConsumer#stopProducing(): normalizer produced 3987 samples
2020-02-15 17:43:00,479 INFO o.a.j.r.p.CsvFileSampleSource: produce(): 3987 samples produced in 670ms on channel 0
2020-02-15 17:43:00,479 INFO o.a.j.r.d.ReportGenerator: Exporting data using exporter:'json' of className:'org.apache.jmeter.report.dashboard.JsonExporter'
2020-02-15 17:43:00,482 INFO o.a.j.r.d.JsonExporter: Found data for consumer statisticsSummary in context
2020-02-15 17:43:00,482 INFO o.a.j.r.d.JsonExporter: Creating statistics for overall
2020-02-15 17:43:00,483 INFO o.a.j.r.d.JsonExporter: Creating statistics for other transactions
2020-02-15 17:43:00,484 INFO o.a.j.r.d.JsonExporter: Checking output folder
2020-02-15 17:43:00,484 INFO o.a.j.r.d.JsonExporter: Writing statistics JSON to /home/haolinwei/Apps/Public/docs/performance/product/temp/dashboard/statistics.json
2020-02-15 17:43:00,708 INFO o.a.j.r.d.ReportGenerator: Exporting data using exporter:'html' of className:'org.apache.jmeter.report.dashboard.HtmlTemplateExporter'
2020-02-15 17:43:00,711 INFO o.a.j.r.d.HtmlTemplateExporter: Will generate dashboard in folder: /home/haolinwei/Apps/Public/docs/performance/product/temp/dashboard
2020-02-15 17:43:00,829 INFO o.a.j.r.d.HtmlTemplateExporter: Report will be generated in: /home/haolinwei/Apps/Public/docs/performance/product/temp/dashboard, creating folder structure
2020-02-15 17:43:00,834 INFO o.a.j.r.d.TemplateVisitor: Copying folder from '/home/haolinwei/Downloads/apache-jmeter-5.1.1/bin/report-template' to '/home/haolinwei/Apps/Public/docs/performance/product/temp/dashboard', got message:[/home/haolinwei/Apps/Public/docs/performance/product/temp/dashboard/statistics.json], found non empty folder with following content {}, will be ignored
2020-02-15 17:43:01,157 INFO o.a.j.JMeter: Dashboard generated
