2020-02-22 23:01:31,758 INFO o.a.j.u.JMeterUtils: Setting Locale to en_EN
2020-02-22 23:01:31,800 INFO o.a.j.JMeter: Loading user properties from: /home/haolinwei/Downloads/apache-jmeter-5.1.1/bin/user.properties
2020-02-22 23:01:31,801 INFO o.a.j.JMeter: Loading system properties from: /home/haolinwei/Downloads/apache-jmeter-5.1.1/bin/system.properties
2020-02-22 23:01:31,801 INFO o.a.j.JMeter: Setting JMeter property: host=ec2-3-136-106-13.us-east-2.compute.amazonaws.com
2020-02-22 23:01:31,802 INFO o.a.j.JMeter: Setting JMeter property: threads=1
2020-02-22 23:01:31,802 INFO o.a.j.JMeter: Setting JMeter property: duration=5
2020-02-22 23:01:31,811 INFO o.a.j.JMeter: Copyright (c) 1998-2019 The Apache Software Foundation
2020-02-22 23:01:31,812 INFO o.a.j.JMeter: Version 5.1.1 r1855137
2020-02-22 23:01:31,812 INFO o.a.j.JMeter: java.version=11.0.6
2020-02-22 23:01:31,812 INFO o.a.j.JMeter: java.vm.name=OpenJDK 64-Bit Server VM
2020-02-22 23:01:31,812 INFO o.a.j.JMeter: os.name=Linux
2020-02-22 23:01:31,812 INFO o.a.j.JMeter: os.arch=amd64
2020-02-22 23:01:31,812 INFO o.a.j.JMeter: os.version=4.15.0-88-generic
2020-02-22 23:01:31,812 INFO o.a.j.JMeter: file.encoding=UTF-8
2020-02-22 23:01:31,813 INFO o.a.j.JMeter: java.awt.headless=true
2020-02-22 23:01:31,813 INFO o.a.j.JMeter: Max memory     =1073741824
2020-02-22 23:01:31,813 INFO o.a.j.JMeter: Available Processors =4
2020-02-22 23:01:31,826 INFO o.a.j.JMeter: Default Locale=English (EN)
2020-02-22 23:01:31,826 INFO o.a.j.JMeter: JMeter  Locale=English (EN)
2020-02-22 23:01:31,827 INFO o.a.j.JMeter: JMeterHome=/home/haolinwei/Downloads/apache-jmeter-5.1.1
2020-02-22 23:01:31,827 INFO o.a.j.JMeter: user.dir  =/home/haolinwei/Apps/Public/docs/performance/file-upload/upload
2020-02-22 23:01:31,827 INFO o.a.j.JMeter: PWD       =/home/haolinwei/Apps/Public/docs/performance/file-upload/upload
2020-02-22 23:01:31,828 INFO o.a.j.JMeter: IP: 127.0.1.1 Name: haolinwei-Lenovo-IdeaPad-Y400 FullName: haolinwei-Lenovo-IdeaPad-Y400
2020-02-22 23:01:31,831 INFO o.a.j.JMeter: Setting property 'jmeter.reportgenerator.outputdir' to:'/home/haolinwei/Apps/Public/docs/performance/file-upload/upload/temp/dashboard'
2020-02-22 23:01:31,835 INFO o.a.j.s.FileServer: Default base='/home/haolinwei/Apps/Public/docs/performance/file-upload/upload'
2020-02-22 23:01:31,839 INFO o.a.j.s.FileServer: Set new base='/home/haolinwei/Apps/Public/docs/performance/file-upload/upload'
2020-02-22 23:01:32,067 INFO o.a.j.s.SaveService: Testplan (JMX) version: 2.2. Testlog (JTL) version: 2.2
2020-02-22 23:01:32,095 INFO o.a.j.s.SaveService: Using SaveService properties version 5.0
2020-02-22 23:01:32,103 INFO o.a.j.s.SaveService: Using SaveService properties file encoding UTF-8
2020-02-22 23:01:32,110 INFO o.a.j.s.SaveService: Loading file: /home/haolinwei/Apps/Public/docs/performance/file-upload/upload/upload-file-test-plan.jmx
2020-02-22 23:01:32,184 INFO o.a.j.p.h.s.HTTPSamplerBase: Parser for text/html is org.apache.jmeter.protocol.http.parser.LagartoBasedHtmlParser
2020-02-22 23:01:32,184 INFO o.a.j.p.h.s.HTTPSamplerBase: Parser for application/xhtml+xml is org.apache.jmeter.protocol.http.parser.LagartoBasedHtmlParser
2020-02-22 23:01:32,184 INFO o.a.j.p.h.s.HTTPSamplerBase: Parser for application/xml is org.apache.jmeter.protocol.http.parser.LagartoBasedHtmlParser
2020-02-22 23:01:32,184 INFO o.a.j.p.h.s.HTTPSamplerBase: Parser for text/xml is org.apache.jmeter.protocol.http.parser.LagartoBasedHtmlParser
2020-02-22 23:01:32,184 INFO o.a.j.p.h.s.HTTPSamplerBase: Parser for text/vnd.wap.wml is org.apache.jmeter.protocol.http.parser.RegexpHTMLParser
2020-02-22 23:01:32,184 INFO o.a.j.p.h.s.HTTPSamplerBase: Parser for text/css is org.apache.jmeter.protocol.http.parser.CssParser
2020-02-22 23:01:32,231 INFO o.a.j.JMeter: Creating summariser <summary>
2020-02-22 23:01:32,237 INFO o.a.j.r.d.ReportGenerator: ReportGenerator will use for Parsing the separator: ','
2020-02-22 23:01:32,237 INFO o.a.j.r.d.ReportGenerator: Will generate report at end of test from  results file: /home/haolinwei/Apps/Public/docs/performance/file-upload/upload/temp/results.csv
2020-02-22 23:01:32,237 INFO o.a.j.r.d.ReportGenerator: Reading report generator properties from: /home/haolinwei/Downloads/apache-jmeter-5.1.1/bin/reportgenerator.properties
2020-02-22 23:01:32,238 INFO o.a.j.r.d.ReportGenerator: Merging with JMeter properties
2020-02-22 23:01:32,247 INFO o.a.j.r.c.ReportGeneratorConfiguration: Property 'jmeter.reportgenerator.temp_dir' not found, using default value 'temp' instead.
2020-02-22 23:01:32,250 INFO o.a.j.r.c.ReportGeneratorConfiguration: Property 'jmeter.reportgenerator.apdex_per_transaction' not found, using default value 'null' instead.
2020-02-22 23:01:32,250 INFO o.a.j.r.c.ReportGeneratorConfiguration: apdex_per_transaction : {} is empty, not APDEX per transaction customization
2020-02-22 23:01:32,251 INFO o.a.j.r.c.ReportGeneratorConfiguration: Property 'jmeter.reportgenerator.sample_filter' not found, using default value 'null' instead.
2020-02-22 23:01:32,251 INFO o.a.j.r.c.ReportGeneratorConfiguration: Property 'jmeter.reportgenerator.report_title' not found, using default value 'null' instead.
2020-02-22 23:01:32,251 INFO o.a.j.r.c.ReportGeneratorConfiguration: Property 'jmeter.reportgenerator.start_date' not found, using default value 'null' instead.
2020-02-22 23:01:32,251 INFO o.a.j.r.c.ReportGeneratorConfiguration: Property 'jmeter.reportgenerator.end_date' not found, using default value 'null' instead.
2020-02-22 23:01:32,251 INFO o.a.j.r.c.ReportGeneratorConfiguration: Property 'jmeter.reportgenerator.date_format' not found, using default value 'null' instead.
2020-02-22 23:01:32,252 INFO o.a.j.r.c.ReportGeneratorConfiguration: Will use date range start date: null, end date: null
2020-02-22 23:01:32,258 INFO o.a.j.r.c.ReportGeneratorConfiguration: Property 'jmeter.reportgenerator.graph.totalTPS.exclude_controllers' not found, using default value 'false' instead.
2020-02-22 23:01:32,259 INFO o.a.j.r.c.ReportGeneratorConfiguration: Property 'jmeter.reportgenerator.graph.activeThreadsOverTime.exclude_controllers' not found, using default value 'false' instead.
2020-02-22 23:01:32,259 INFO o.a.j.r.c.ReportGeneratorConfiguration: Property 'jmeter.reportgenerator.graph.timeVsThreads.exclude_controllers' not found, using default value 'false' instead.
2020-02-22 23:01:32,259 INFO o.a.j.r.c.ReportGeneratorConfiguration: Property 'jmeter.reportgenerator.graph.responseTimeDistribution.exclude_controllers' not found, using default value 'false' instead.
2020-02-22 23:01:32,260 INFO o.a.j.r.c.ReportGeneratorConfiguration: Property 'jmeter.reportgenerator.graph.transactionsPerSecond.exclude_controllers' not found, using default value 'false' instead.
2020-02-22 23:01:32,260 INFO o.a.j.r.c.ReportGeneratorConfiguration: Property 'jmeter.reportgenerator.graph.responseTimePercentiles.exclude_controllers' not found, using default value 'false' instead.
2020-02-22 23:01:32,260 INFO o.a.j.r.c.ReportGeneratorConfiguration: Property 'jmeter.reportgenerator.graph.responseTimePercentilesOverTime.exclude_controllers' not found, using default value 'false' instead.
2020-02-22 23:01:32,261 INFO o.a.j.r.c.ReportGeneratorConfiguration: Property 'jmeter.reportgenerator.graph.responseTimesOverTime.exclude_controllers' not found, using default value 'false' instead.
2020-02-22 23:01:32,261 INFO o.a.j.r.c.ReportGeneratorConfiguration: Property 'jmeter.reportgenerator.graph.connectTimeOverTime.exclude_controllers' not found, using default value 'false' instead.
2020-02-22 23:01:32,262 INFO o.a.j.r.c.ReportGeneratorConfiguration: Property 'jmeter.reportgenerator.graph.latenciesOverTime.exclude_controllers' not found, using default value 'false' instead.
2020-02-22 23:01:32,263 INFO o.a.j.r.c.ReportGeneratorConfiguration: Property 'jmeter.reportgenerator.exporter.json.filters_only_sample_series' not found, using default value 'true' instead.
2020-02-22 23:01:32,264 INFO o.a.j.r.c.ReportGeneratorConfiguration: Property 'jmeter.reportgenerator.exporter.json.series_filter' not found, using default value '' instead.
2020-02-22 23:01:32,264 INFO o.a.j.r.c.ReportGeneratorConfiguration: Property 'jmeter.reportgenerator.exporter.json.show_controllers_only' not found, using default value 'false' instead.
2020-02-22 23:01:32,265 INFO o.a.j.r.c.ReportGeneratorConfiguration: Property 'jmeter.reportgenerator.exporter.html.filters_only_sample_series' not found, using default value 'true' instead.
2020-02-22 23:01:32,265 INFO o.a.j.r.c.ReportGeneratorConfiguration: Property 'jmeter.reportgenerator.exporter.html.series_filter' not found, using default value '' instead.
2020-02-22 23:01:32,265 INFO o.a.j.r.c.ReportGeneratorConfiguration: Property 'jmeter.reportgenerator.exporter.html.show_controllers_only' not found, using default value 'false' instead.
2020-02-22 23:01:32,272 INFO o.a.j.e.StandardJMeterEngine: Running the test!
2020-02-22 23:01:32,282 INFO o.a.j.s.SampleEvent: List of sample_variables: []
2020-02-22 23:01:32,282 INFO o.a.j.s.SampleEvent: List of sample_variables: []
2020-02-22 23:01:32,290 INFO o.a.j.e.u.CompoundVariable: Note: Function class names must contain the string: '.functions.'
2020-02-22 23:01:32,290 INFO o.a.j.e.u.CompoundVariable: Note: Function class names must not contain the string: '.gui.'
2020-02-22 23:01:32,786 INFO o.a.j.JMeter: Running test (1582430492786)
2020-02-22 23:01:32,818 INFO o.a.j.e.StandardJMeterEngine: Starting ThreadGroup: 1 : Scenario 1
2020-02-22 23:01:32,818 INFO o.a.j.e.StandardJMeterEngine: Starting 1 threads for group Scenario 1.
2020-02-22 23:01:32,818 INFO o.a.j.e.StandardJMeterEngine: Thread will continue on error
2020-02-22 23:01:32,819 INFO o.a.j.t.ThreadGroup: Starting thread group... number=1 threads=1 ramp-up=1 delayedStart=false
2020-02-22 23:01:32,826 INFO o.a.j.t.ThreadGroup: Started thread group number 1
2020-02-22 23:01:32,827 INFO o.a.j.e.StandardJMeterEngine: All thread groups have been started
2020-02-22 23:01:32,878 INFO o.a.j.t.JMeterThread: Thread started: Scenario 1 1-1
2020-02-22 23:01:32,882 INFO o.a.j.s.FileServer: Stored: ./file-path-mime-list.csv
2020-02-22 23:01:32,912 INFO o.a.j.p.h.s.HTTPHCAbstractImpl: Local host = haolinwei-Lenovo-IdeaPad-Y400
2020-02-22 23:01:32,924 INFO o.a.j.p.h.s.HTTPHC4Impl: HTTP request retry count = 0
2020-02-22 23:01:32,927 INFO o.a.j.s.SampleResult: Note: Sample TimeStamps are START times
2020-02-22 23:01:32,927 INFO o.a.j.s.SampleResult: sampleresult.default.encoding is set to ISO-8859-1
2020-02-22 23:01:32,927 INFO o.a.j.s.SampleResult: sampleresult.useNanoTime=true
2020-02-22 23:01:32,927 INFO o.a.j.s.SampleResult: sampleresult.nanoThreadSleep=5000
2020-02-22 23:01:33,030 INFO o.a.j.s.FileServer: Stored: ./images/1.jpg
2020-02-22 23:01:33,834 INFO o.a.j.r.Summariser: summary +      1 in 00:00:01 =    1.0/s Avg:   804 Min:   804 Max:   804 Err:     0 (0.00%) Active: 1 Started: 1 Finished: 0
2020-02-22 23:01:33,840 INFO o.a.j.u.JsseSSLManager: Using default SSL protocol: TLS
2020-02-22 23:01:33,840 INFO o.a.j.u.JsseSSLManager: SSL session context: per-thread
2020-02-22 23:01:33,845 INFO o.a.j.s.FileServer: Stored: ./images/2.jpg
2020-02-22 23:01:34,776 INFO o.a.j.s.FileServer: Stored: ./images/3.jpg
2020-02-22 23:01:35,517 INFO o.a.j.s.FileServer: Stored: ./images/4.png
2020-02-22 23:01:37,866 INFO o.a.j.t.JMeterThread: Stopping because end time detected by thread: Scenario 1 1-1
2020-02-22 23:01:37,867 INFO o.a.j.t.JMeterThread: Thread finished: Scenario 1 1-1
2020-02-22 23:01:37,867 INFO o.a.j.e.StandardJMeterEngine: Notifying test listeners of end of test
2020-02-22 23:01:37,868 INFO o.a.j.s.FileServer: Close: ./file-path-mime-list.csv
2020-02-22 23:01:37,870 INFO o.a.j.r.Summariser: summary +      5 in 00:00:04 =    1.2/s Avg:   802 Min:   739 Max:   929 Err:     0 (0.00%) Active: 0 Started: 1 Finished: 1
2020-02-22 23:01:37,870 INFO o.a.j.r.Summariser: summary =      6 in 00:00:05 =    1.2/s Avg:   802 Min:   739 Max:   929 Err:     0 (0.00%)
2020-02-22 23:01:37,870 INFO o.a.j.JMeter: Generating Dashboard
2020-02-22 23:01:37,871 INFO o.a.j.r.d.ReportGenerator: Flushing result collector before report Generation
2020-02-22 23:01:37,888 INFO o.a.j.r.p.NormalizerSampleConsumer: Using format, 'ms', to parse timeStamp field
2020-02-22 23:01:37,959 INFO o.a.j.r.p.AbstractSampleConsumer: class org.apache.jmeter.report.processor.AggregateConsumer#stopProducing(): beginDate produced 0 samples
2020-02-22 23:01:37,959 INFO o.a.j.r.p.AbstractSampleConsumer: class org.apache.jmeter.report.processor.AggregateConsumer#stopProducing(): endDate produced 0 samples
2020-02-22 23:01:37,963 INFO o.a.j.r.p.AbstractSampleConsumer: class org.apache.jmeter.report.processor.ApdexSummaryConsumer#stopProducing(): apdexSummary produced 0 samples
2020-02-22 23:01:37,963 INFO o.a.j.r.p.AbstractSampleConsumer: class org.apache.jmeter.report.processor.RequestsSummaryConsumer#stopProducing(): requestsSummary produced 0 samples
2020-02-22 23:01:37,971 INFO o.a.j.r.p.AbstractSampleConsumer: class org.apache.jmeter.report.processor.StatisticsSummaryConsumer#stopProducing(): statisticsSummary produced 0 samples
2020-02-22 23:01:37,975 INFO o.a.j.r.p.AbstractSampleConsumer: class org.apache.jmeter.report.processor.Top5ErrorsBySamplerConsumer#stopProducing(): top5ErrorsBySampler produced 0 samples
2020-02-22 23:01:37,975 INFO o.a.j.r.p.AbstractSampleConsumer: class org.apache.jmeter.report.processor.ErrorsSummaryConsumer#stopProducing(): errorsSummary produced 0 samples
2020-02-22 23:01:37,975 INFO o.a.j.r.p.AbstractSampleConsumer: class org.apache.jmeter.report.processor.graph.impl.HitsPerSecondGraphConsumer#stopProducing(): hitsPerSecond produced 0 samples
2020-02-22 23:01:37,984 INFO o.a.j.r.p.AbstractSampleConsumer: class org.apache.jmeter.report.processor.graph.impl.LatencyVSRequestGraphConsumer#stopProducing(): latencyVsRequest produced 0 samples
2020-02-22 23:01:37,985 INFO o.a.j.r.p.AbstractSampleConsumer: class org.apache.jmeter.report.processor.graph.impl.SyntheticResponseTimeDistributionGraphConsumer#stopProducing(): syntheticResponseTimeDistribution produced 0 samples
2020-02-22 23:01:37,985 INFO o.a.j.r.p.AbstractSampleConsumer: class org.apache.jmeter.report.processor.graph.impl.BytesThroughputGraphConsumer#stopProducing(): bytesThroughputOverTime produced 0 samples
2020-02-22 23:01:37,986 INFO o.a.j.r.p.AbstractSampleConsumer: class org.apache.jmeter.report.processor.graph.impl.CodesPerSecondGraphConsumer#stopProducing(): codesPerSecond produced 0 samples
2020-02-22 23:01:37,988 INFO o.a.j.r.p.AbstractSampleConsumer: class org.apache.jmeter.report.processor.graph.impl.ResponseTimeVSRequestGraphConsumer#stopProducing(): responseTimeVsRequest produced 0 samples
2020-02-22 23:01:37,988 INFO o.a.j.r.p.AbstractSampleConsumer: class org.apache.jmeter.report.processor.FilterConsumer#stopProducing(): startIntervalControlerFilter produced 42 samples
2020-02-22 23:01:37,989 INFO o.a.j.r.p.AbstractSampleConsumer: class org.apache.jmeter.report.processor.graph.impl.TotalTPSGraphConsumer#stopProducing(): totalTPS produced 0 samples
2020-02-22 23:01:37,989 INFO o.a.j.r.p.AbstractSampleConsumer: class org.apache.jmeter.report.processor.graph.impl.ActiveThreadsGraphConsumer#stopProducing(): activeThreadsOverTime produced 0 samples
2020-02-22 23:01:37,989 INFO o.a.j.r.p.AbstractSampleConsumer: class org.apache.jmeter.report.processor.graph.impl.TimeVSThreadGraphConsumer#stopProducing(): timeVsThreads produced 0 samples
2020-02-22 23:01:37,989 INFO o.a.j.r.p.AbstractSampleConsumer: class org.apache.jmeter.report.processor.graph.impl.ResponseTimeDistributionGraphConsumer#stopProducing(): responseTimeDistribution produced 0 samples
2020-02-22 23:01:37,989 INFO o.a.j.r.p.AbstractSampleConsumer: class org.apache.jmeter.report.processor.graph.impl.TransactionsPerSecondGraphConsumer#stopProducing(): transactionsPerSecond produced 0 samples
2020-02-22 23:01:37,990 INFO o.a.j.r.p.AbstractSampleConsumer: class org.apache.jmeter.report.processor.graph.impl.ResponseTimePercentilesGraphConsumer#stopProducing(): responseTimePercentiles produced 0 samples
2020-02-22 23:01:37,991 INFO o.a.j.r.p.AbstractSampleConsumer: class org.apache.jmeter.report.processor.graph.impl.ResponseTimePercentilesOverTimeGraphConsumer#stopProducing(): responseTimePercentilesOverTime produced 0 samples
2020-02-22 23:01:37,991 INFO o.a.j.r.p.AbstractSampleConsumer: class org.apache.jmeter.report.processor.graph.impl.ResponseTimeOverTimeGraphConsumer#stopProducing(): responseTimesOverTime produced 0 samples
2020-02-22 23:01:37,991 INFO o.a.j.r.p.AbstractSampleConsumer: class org.apache.jmeter.report.processor.graph.impl.ConnectTimeOverTimeGraphConsumer#stopProducing(): connectTimeOverTime produced 0 samples
2020-02-22 23:01:37,992 INFO o.a.j.r.p.AbstractSampleConsumer: class org.apache.jmeter.report.processor.graph.impl.LatencyOverTimeGraphConsumer#stopProducing(): latenciesOverTime produced 0 samples
2020-02-22 23:01:37,992 INFO o.a.j.r.p.AbstractSampleConsumer: class org.apache.jmeter.report.processor.FilterConsumer#stopProducing(): nameFilter produced 90 samples
2020-02-22 23:01:37,992 INFO o.a.j.r.p.AbstractSampleConsumer: class org.apache.jmeter.report.processor.FilterConsumer#stopProducing(): dateRangeFilter produced 18 samples
2020-02-22 23:01:37,992 INFO o.a.j.r.p.AbstractSampleConsumer: class org.apache.jmeter.report.processor.NormalizerSampleConsumer#stopProducing(): normalizer produced 6 samples
2020-02-22 23:01:37,993 INFO o.a.j.r.p.CsvFileSampleSource: produce(): 6 samples produced in 66ms on channel 0
2020-02-22 23:01:37,993 INFO o.a.j.r.d.ReportGenerator: Exporting data using exporter:'json' of className:'org.apache.jmeter.report.dashboard.JsonExporter'
2020-02-22 23:01:37,996 INFO o.a.j.r.d.JsonExporter: Found data for consumer statisticsSummary in context
2020-02-22 23:01:37,996 INFO o.a.j.r.d.JsonExporter: Creating statistics for overall
2020-02-22 23:01:37,997 INFO o.a.j.r.d.JsonExporter: Creating statistics for other transactions
2020-02-22 23:01:37,998 INFO o.a.j.r.d.JsonExporter: Checking output folder
2020-02-22 23:01:37,998 INFO o.a.j.r.d.JsonExporter: Writing statistics JSON to /home/haolinwei/Apps/Public/docs/performance/file-upload/upload/temp/dashboard/statistics.json
2020-02-22 23:01:38,205 INFO o.a.j.r.d.ReportGenerator: Exporting data using exporter:'html' of className:'org.apache.jmeter.report.dashboard.HtmlTemplateExporter'
2020-02-22 23:01:38,209 INFO o.a.j.r.d.HtmlTemplateExporter: Will generate dashboard in folder: /home/haolinwei/Apps/Public/docs/performance/file-upload/upload/temp/dashboard
2020-02-22 23:01:38,345 INFO o.a.j.r.d.HtmlTemplateExporter: Report will be generated in: /home/haolinwei/Apps/Public/docs/performance/file-upload/upload/temp/dashboard, creating folder structure
2020-02-22 23:01:38,349 INFO o.a.j.r.d.TemplateVisitor: Copying folder from '/home/haolinwei/Downloads/apache-jmeter-5.1.1/bin/report-template' to '/home/haolinwei/Apps/Public/docs/performance/file-upload/upload/temp/dashboard', got message:[/home/haolinwei/Apps/Public/docs/performance/file-upload/upload/temp/dashboard/statistics.json], found non empty folder with following content {}, will be ignored
2020-02-22 23:01:38,756 INFO o.a.j.JMeter: Dashboard generated
