2020-02-22 23:24:45,435 INFO o.a.j.u.JMeterUtils: Setting Locale to en_EN
2020-02-22 23:24:45,476 INFO o.a.j.JMeter: Loading user properties from: /home/haolinwei/Downloads/apache-jmeter-5.1.1/bin/user.properties
2020-02-22 23:24:45,477 INFO o.a.j.JMeter: Loading system properties from: /home/haolinwei/Downloads/apache-jmeter-5.1.1/bin/system.properties
2020-02-22 23:24:45,477 INFO o.a.j.JMeter: Setting JMeter property: host=ec2-3-136-106-13.us-east-2.compute.amazonaws.com
2020-02-22 23:24:45,477 INFO o.a.j.JMeter: Setting JMeter property: threads=4
2020-02-22 23:24:45,477 INFO o.a.j.JMeter: Setting JMeter property: duration=60
2020-02-22 23:24:45,486 INFO o.a.j.JMeter: Copyright (c) 1998-2019 The Apache Software Foundation
2020-02-22 23:24:45,486 INFO o.a.j.JMeter: Version 5.1.1 r1855137
2020-02-22 23:24:45,486 INFO o.a.j.JMeter: java.version=11.0.6
2020-02-22 23:24:45,487 INFO o.a.j.JMeter: java.vm.name=OpenJDK 64-Bit Server VM
2020-02-22 23:24:45,487 INFO o.a.j.JMeter: os.name=Linux
2020-02-22 23:24:45,487 INFO o.a.j.JMeter: os.arch=amd64
2020-02-22 23:24:45,487 INFO o.a.j.JMeter: os.version=4.15.0-88-generic
2020-02-22 23:24:45,487 INFO o.a.j.JMeter: file.encoding=UTF-8
2020-02-22 23:24:45,487 INFO o.a.j.JMeter: java.awt.headless=true
2020-02-22 23:24:45,488 INFO o.a.j.JMeter: Max memory     =1073741824
2020-02-22 23:24:45,488 INFO o.a.j.JMeter: Available Processors =4
2020-02-22 23:24:45,503 INFO o.a.j.JMeter: Default Locale=English (EN)
2020-02-22 23:24:45,503 INFO o.a.j.JMeter: JMeter  Locale=English (EN)
2020-02-22 23:24:45,504 INFO o.a.j.JMeter: JMeterHome=/home/haolinwei/Downloads/apache-jmeter-5.1.1
2020-02-22 23:24:45,504 INFO o.a.j.JMeter: user.dir  =/home/haolinwei/Apps/Public/docs/performance/file-upload/download
2020-02-22 23:24:45,504 INFO o.a.j.JMeter: PWD       =/home/haolinwei/Apps/Public/docs/performance/file-upload/download
2020-02-22 23:24:45,505 INFO o.a.j.JMeter: IP: 127.0.1.1 Name: haolinwei-Lenovo-IdeaPad-Y400 FullName: haolinwei-Lenovo-IdeaPad-Y400
2020-02-22 23:24:45,508 INFO o.a.j.JMeter: Setting property 'jmeter.reportgenerator.outputdir' to:'/home/haolinwei/Apps/Public/docs/performance/file-upload/download/temp/dashboard'
2020-02-22 23:24:45,512 INFO o.a.j.s.FileServer: Default base='/home/haolinwei/Apps/Public/docs/performance/file-upload/download'
2020-02-22 23:24:45,515 INFO o.a.j.s.FileServer: Set new base='/home/haolinwei/Apps/Public/docs/performance/file-upload/download'
2020-02-22 23:24:45,684 INFO o.a.j.s.SaveService: Testplan (JMX) version: 2.2. Testlog (JTL) version: 2.2
2020-02-22 23:24:45,711 INFO o.a.j.s.SaveService: Using SaveService properties version 5.0
2020-02-22 23:24:45,716 INFO o.a.j.s.SaveService: Using SaveService properties file encoding UTF-8
2020-02-22 23:24:45,723 INFO o.a.j.s.SaveService: Loading file: /home/haolinwei/Apps/Public/docs/performance/file-upload/download/download-file-test-plan.jmx
2020-02-22 23:24:45,782 INFO o.a.j.p.h.s.HTTPSamplerBase: Parser for text/html is org.apache.jmeter.protocol.http.parser.LagartoBasedHtmlParser
2020-02-22 23:24:45,782 INFO o.a.j.p.h.s.HTTPSamplerBase: Parser for application/xhtml+xml is org.apache.jmeter.protocol.http.parser.LagartoBasedHtmlParser
2020-02-22 23:24:45,782 INFO o.a.j.p.h.s.HTTPSamplerBase: Parser for application/xml is org.apache.jmeter.protocol.http.parser.LagartoBasedHtmlParser
2020-02-22 23:24:45,782 INFO o.a.j.p.h.s.HTTPSamplerBase: Parser for text/xml is org.apache.jmeter.protocol.http.parser.LagartoBasedHtmlParser
2020-02-22 23:24:45,783 INFO o.a.j.p.h.s.HTTPSamplerBase: Parser for text/vnd.wap.wml is org.apache.jmeter.protocol.http.parser.RegexpHTMLParser
2020-02-22 23:24:45,783 INFO o.a.j.p.h.s.HTTPSamplerBase: Parser for text/css is org.apache.jmeter.protocol.http.parser.CssParser
2020-02-22 23:24:45,820 INFO o.a.j.JMeter: Creating summariser <summary>
2020-02-22 23:24:45,825 INFO o.a.j.r.d.ReportGenerator: ReportGenerator will use for Parsing the separator: ','
2020-02-22 23:24:45,825 INFO o.a.j.r.d.ReportGenerator: Will generate report at end of test from  results file: /home/haolinwei/Apps/Public/docs/performance/file-upload/download/temp/results.csv
2020-02-22 23:24:45,826 INFO o.a.j.r.d.ReportGenerator: Reading report generator properties from: /home/haolinwei/Downloads/apache-jmeter-5.1.1/bin/reportgenerator.properties
2020-02-22 23:24:45,827 INFO o.a.j.r.d.ReportGenerator: Merging with JMeter properties
2020-02-22 23:24:45,836 INFO o.a.j.r.c.ReportGeneratorConfiguration: Property 'jmeter.reportgenerator.temp_dir' not found, using default value 'temp' instead.
2020-02-22 23:24:45,841 INFO o.a.j.r.c.ReportGeneratorConfiguration: Property 'jmeter.reportgenerator.apdex_per_transaction' not found, using default value 'null' instead.
2020-02-22 23:24:45,841 INFO o.a.j.r.c.ReportGeneratorConfiguration: apdex_per_transaction : {} is empty, not APDEX per transaction customization
2020-02-22 23:24:45,841 INFO o.a.j.r.c.ReportGeneratorConfiguration: Property 'jmeter.reportgenerator.sample_filter' not found, using default value 'null' instead.
2020-02-22 23:24:45,841 INFO o.a.j.r.c.ReportGeneratorConfiguration: Property 'jmeter.reportgenerator.report_title' not found, using default value 'null' instead.
2020-02-22 23:24:45,842 INFO o.a.j.r.c.ReportGeneratorConfiguration: Property 'jmeter.reportgenerator.start_date' not found, using default value 'null' instead.
2020-02-22 23:24:45,842 INFO o.a.j.r.c.ReportGeneratorConfiguration: Property 'jmeter.reportgenerator.end_date' not found, using default value 'null' instead.
2020-02-22 23:24:45,842 INFO o.a.j.r.c.ReportGeneratorConfiguration: Property 'jmeter.reportgenerator.date_format' not found, using default value 'null' instead.
2020-02-22 23:24:45,843 INFO o.a.j.r.c.ReportGeneratorConfiguration: Will use date range start date: null, end date: null
2020-02-22 23:24:45,850 INFO o.a.j.r.c.ReportGeneratorConfiguration: Property 'jmeter.reportgenerator.graph.totalTPS.exclude_controllers' not found, using default value 'false' instead.
2020-02-22 23:24:45,850 INFO o.a.j.r.c.ReportGeneratorConfiguration: Property 'jmeter.reportgenerator.graph.activeThreadsOverTime.exclude_controllers' not found, using default value 'false' instead.
2020-02-22 23:24:45,850 INFO o.a.j.r.c.ReportGeneratorConfiguration: Property 'jmeter.reportgenerator.graph.timeVsThreads.exclude_controllers' not found, using default value 'false' instead.
2020-02-22 23:24:45,851 INFO o.a.j.r.c.ReportGeneratorConfiguration: Property 'jmeter.reportgenerator.graph.responseTimeDistribution.exclude_controllers' not found, using default value 'false' instead.
2020-02-22 23:24:45,851 INFO o.a.j.r.c.ReportGeneratorConfiguration: Property 'jmeter.reportgenerator.graph.transactionsPerSecond.exclude_controllers' not found, using default value 'false' instead.
2020-02-22 23:24:45,851 INFO o.a.j.r.c.ReportGeneratorConfiguration: Property 'jmeter.reportgenerator.graph.responseTimePercentiles.exclude_controllers' not found, using default value 'false' instead.
2020-02-22 23:24:45,851 INFO o.a.j.r.c.ReportGeneratorConfiguration: Property 'jmeter.reportgenerator.graph.responseTimePercentilesOverTime.exclude_controllers' not found, using default value 'false' instead.
2020-02-22 23:24:45,852 INFO o.a.j.r.c.ReportGeneratorConfiguration: Property 'jmeter.reportgenerator.graph.responseTimesOverTime.exclude_controllers' not found, using default value 'false' instead.
2020-02-22 23:24:45,852 INFO o.a.j.r.c.ReportGeneratorConfiguration: Property 'jmeter.reportgenerator.graph.connectTimeOverTime.exclude_controllers' not found, using default value 'false' instead.
2020-02-22 23:24:45,853 INFO o.a.j.r.c.ReportGeneratorConfiguration: Property 'jmeter.reportgenerator.graph.latenciesOverTime.exclude_controllers' not found, using default value 'false' instead.
2020-02-22 23:24:45,854 INFO o.a.j.r.c.ReportGeneratorConfiguration: Property 'jmeter.reportgenerator.exporter.json.filters_only_sample_series' not found, using default value 'true' instead.
2020-02-22 23:24:45,854 INFO o.a.j.r.c.ReportGeneratorConfiguration: Property 'jmeter.reportgenerator.exporter.json.series_filter' not found, using default value '' instead.
2020-02-22 23:24:45,854 INFO o.a.j.r.c.ReportGeneratorConfiguration: Property 'jmeter.reportgenerator.exporter.json.show_controllers_only' not found, using default value 'false' instead.
2020-02-22 23:24:45,855 INFO o.a.j.r.c.ReportGeneratorConfiguration: Property 'jmeter.reportgenerator.exporter.html.filters_only_sample_series' not found, using default value 'true' instead.
2020-02-22 23:24:45,855 INFO o.a.j.r.c.ReportGeneratorConfiguration: Property 'jmeter.reportgenerator.exporter.html.series_filter' not found, using default value '' instead.
2020-02-22 23:24:45,856 INFO o.a.j.r.c.ReportGeneratorConfiguration: Property 'jmeter.reportgenerator.exporter.html.show_controllers_only' not found, using default value 'false' instead.
2020-02-22 23:24:45,868 INFO o.a.j.e.StandardJMeterEngine: Running the test!
2020-02-22 23:24:45,878 INFO o.a.j.s.SampleEvent: List of sample_variables: []
2020-02-22 23:24:45,878 INFO o.a.j.s.SampleEvent: List of sample_variables: []
2020-02-22 23:24:45,887 INFO o.a.j.e.u.CompoundVariable: Note: Function class names must contain the string: '.functions.'
2020-02-22 23:24:45,887 INFO o.a.j.e.u.CompoundVariable: Note: Function class names must not contain the string: '.gui.'
2020-02-22 23:24:46,320 INFO o.a.j.JMeter: Running test (1582431886320)
2020-02-22 23:24:46,344 INFO o.a.j.e.StandardJMeterEngine: Starting ThreadGroup: 1 : Scenario 1
2020-02-22 23:24:46,344 INFO o.a.j.e.StandardJMeterEngine: Starting 4 threads for group Scenario 1.
2020-02-22 23:24:46,344 INFO o.a.j.e.StandardJMeterEngine: Thread will continue on error
2020-02-22 23:24:46,344 INFO o.a.j.t.ThreadGroup: Starting thread group... number=1 threads=4 ramp-up=1 delayedStart=false
2020-02-22 23:24:46,356 INFO o.a.j.t.ThreadGroup: Started thread group number 1
2020-02-22 23:24:46,356 INFO o.a.j.e.StandardJMeterEngine: All thread groups have been started
2020-02-22 23:24:46,442 INFO o.a.j.t.JMeterThread: Thread started: Scenario 1 1-1
2020-02-22 23:24:46,444 INFO o.a.j.s.FileServer: Stored: ./file-id-list.csv
2020-02-22 23:24:46,473 INFO o.a.j.p.h.s.HTTPHCAbstractImpl: Local host = haolinwei-Lenovo-IdeaPad-Y400
2020-02-22 23:24:46,484 INFO o.a.j.p.h.s.HTTPHC4Impl: HTTP request retry count = 0
2020-02-22 23:24:46,486 INFO o.a.j.s.SampleResult: Note: Sample TimeStamps are START times
2020-02-22 23:24:46,486 INFO o.a.j.s.SampleResult: sampleresult.default.encoding is set to ISO-8859-1
2020-02-22 23:24:46,486 INFO o.a.j.s.SampleResult: sampleresult.useNanoTime=true
2020-02-22 23:24:46,486 INFO o.a.j.s.SampleResult: sampleresult.nanoThreadSleep=5000
2020-02-22 23:24:46,690 INFO o.a.j.t.JMeterThread: Thread started: Scenario 1 1-2
2020-02-22 23:24:46,934 INFO o.a.j.t.JMeterThread: Thread started: Scenario 1 1-3
2020-02-22 23:24:47,182 INFO o.a.j.t.JMeterThread: Thread started: Scenario 1 1-4
2020-02-22 23:24:47,830 INFO o.a.j.u.JsseSSLManager: Using default SSL protocol: TLS
2020-02-22 23:24:47,831 INFO o.a.j.u.JsseSSLManager: SSL session context: per-thread
2020-02-22 23:25:00,040 INFO o.a.j.r.Summariser: summary +     47 in 00:00:14 =    3.4/s Avg:  1087 Min:   898 Max:  1360 Err:     0 (0.00%) Active: 4 Started: 4 Finished: 0
2020-02-22 23:25:30,048 INFO o.a.j.r.Summariser: summary +    115 in 00:00:30 =    3.8/s Avg:  1035 Min:   820 Max:  1419 Err:     0 (0.00%) Active: 4 Started: 4 Finished: 0
2020-02-22 23:25:30,049 INFO o.a.j.r.Summariser: summary =    162 in 00:00:44 =    3.7/s Avg:  1050 Min:   820 Max:  1419 Err:     0 (0.00%)
2020-02-22 23:25:47,271 INFO o.a.j.t.JMeterThread: Stopping because end time detected by thread: Scenario 1 1-1
2020-02-22 23:25:47,272 INFO o.a.j.t.JMeterThread: Thread finished: Scenario 1 1-1
2020-02-22 23:25:47,348 INFO o.a.j.t.JMeterThread: Stopping because end time detected by thread: Scenario 1 1-4
2020-02-22 23:25:47,348 INFO o.a.j.t.JMeterThread: Thread finished: Scenario 1 1-4
2020-02-22 23:25:47,468 INFO o.a.j.t.JMeterThread: Stopping because end time detected by thread: Scenario 1 1-3
2020-02-22 23:25:47,468 INFO o.a.j.t.JMeterThread: Thread finished: Scenario 1 1-3
2020-02-22 23:25:47,470 INFO o.a.j.t.JMeterThread: Stopping because end time detected by thread: Scenario 1 1-2
2020-02-22 23:25:47,470 INFO o.a.j.t.JMeterThread: Thread finished: Scenario 1 1-2
2020-02-22 23:25:47,471 INFO o.a.j.e.StandardJMeterEngine: Notifying test listeners of end of test
2020-02-22 23:25:47,472 INFO o.a.j.s.FileServer: Close: ./file-id-list.csv
2020-02-22 23:25:47,473 INFO o.a.j.r.Summariser: summary +     67 in 00:00:17 =    3.8/s Avg:  1068 Min:   952 Max:  1205 Err:     0 (0.00%) Active: 0 Started: 4 Finished: 4
2020-02-22 23:25:47,474 INFO o.a.j.r.Summariser: summary =    229 in 00:01:01 =    3.7/s Avg:  1055 Min:   820 Max:  1419 Err:     0 (0.00%)
2020-02-22 23:25:47,474 INFO o.a.j.JMeter: Generating Dashboard
2020-02-22 23:25:47,474 INFO o.a.j.r.d.ReportGenerator: Flushing result collector before report Generation
2020-02-22 23:25:47,492 INFO o.a.j.r.p.NormalizerSampleConsumer: Using format, 'ms', to parse timeStamp field
2020-02-22 23:25:47,632 INFO o.a.j.r.p.AbstractSampleConsumer: class org.apache.jmeter.report.processor.AggregateConsumer#stopProducing(): beginDate produced 0 samples
2020-02-22 23:25:47,632 INFO o.a.j.r.p.AbstractSampleConsumer: class org.apache.jmeter.report.processor.AggregateConsumer#stopProducing(): endDate produced 0 samples
2020-02-22 23:25:47,635 INFO o.a.j.r.p.AbstractSampleConsumer: class org.apache.jmeter.report.processor.ApdexSummaryConsumer#stopProducing(): apdexSummary produced 0 samples
2020-02-22 23:25:47,636 INFO o.a.j.r.p.AbstractSampleConsumer: class org.apache.jmeter.report.processor.RequestsSummaryConsumer#stopProducing(): requestsSummary produced 0 samples
2020-02-22 23:25:47,642 INFO o.a.j.r.p.AbstractSampleConsumer: class org.apache.jmeter.report.processor.StatisticsSummaryConsumer#stopProducing(): statisticsSummary produced 0 samples
2020-02-22 23:25:47,645 INFO o.a.j.r.p.AbstractSampleConsumer: class org.apache.jmeter.report.processor.Top5ErrorsBySamplerConsumer#stopProducing(): top5ErrorsBySampler produced 0 samples
2020-02-22 23:25:47,645 INFO o.a.j.r.p.AbstractSampleConsumer: class org.apache.jmeter.report.processor.ErrorsSummaryConsumer#stopProducing(): errorsSummary produced 0 samples
2020-02-22 23:25:47,645 INFO o.a.j.r.p.AbstractSampleConsumer: class org.apache.jmeter.report.processor.graph.impl.HitsPerSecondGraphConsumer#stopProducing(): hitsPerSecond produced 0 samples
2020-02-22 23:25:47,666 INFO o.a.j.r.p.AbstractSampleConsumer: class org.apache.jmeter.report.processor.graph.impl.LatencyVSRequestGraphConsumer#stopProducing(): latencyVsRequest produced 0 samples
2020-02-22 23:25:47,666 INFO o.a.j.r.p.AbstractSampleConsumer: class org.apache.jmeter.report.processor.graph.impl.SyntheticResponseTimeDistributionGraphConsumer#stopProducing(): syntheticResponseTimeDistribution produced 0 samples
2020-02-22 23:25:47,667 INFO o.a.j.r.p.AbstractSampleConsumer: class org.apache.jmeter.report.processor.graph.impl.BytesThroughputGraphConsumer#stopProducing(): bytesThroughputOverTime produced 0 samples
2020-02-22 23:25:47,667 INFO o.a.j.r.p.AbstractSampleConsumer: class org.apache.jmeter.report.processor.graph.impl.CodesPerSecondGraphConsumer#stopProducing(): codesPerSecond produced 0 samples
2020-02-22 23:25:47,680 INFO o.a.j.r.p.AbstractSampleConsumer: class org.apache.jmeter.report.processor.graph.impl.ResponseTimeVSRequestGraphConsumer#stopProducing(): responseTimeVsRequest produced 0 samples
2020-02-22 23:25:47,680 INFO o.a.j.r.p.AbstractSampleConsumer: class org.apache.jmeter.report.processor.FilterConsumer#stopProducing(): startIntervalControlerFilter produced 1603 samples
2020-02-22 23:25:47,681 INFO o.a.j.r.p.AbstractSampleConsumer: class org.apache.jmeter.report.processor.graph.impl.TotalTPSGraphConsumer#stopProducing(): totalTPS produced 0 samples
2020-02-22 23:25:47,681 INFO o.a.j.r.p.AbstractSampleConsumer: class org.apache.jmeter.report.processor.graph.impl.ActiveThreadsGraphConsumer#stopProducing(): activeThreadsOverTime produced 0 samples
2020-02-22 23:25:47,681 INFO o.a.j.r.p.AbstractSampleConsumer: class org.apache.jmeter.report.processor.graph.impl.TimeVSThreadGraphConsumer#stopProducing(): timeVsThreads produced 0 samples
2020-02-22 23:25:47,681 INFO o.a.j.r.p.AbstractSampleConsumer: class org.apache.jmeter.report.processor.graph.impl.ResponseTimeDistributionGraphConsumer#stopProducing(): responseTimeDistribution produced 0 samples
2020-02-22 23:25:47,682 INFO o.a.j.r.p.AbstractSampleConsumer: class org.apache.jmeter.report.processor.graph.impl.TransactionsPerSecondGraphConsumer#stopProducing(): transactionsPerSecond produced 0 samples
2020-02-22 23:25:47,682 INFO o.a.j.r.p.AbstractSampleConsumer: class org.apache.jmeter.report.processor.graph.impl.ResponseTimePercentilesGraphConsumer#stopProducing(): responseTimePercentiles produced 0 samples
2020-02-22 23:25:47,685 INFO o.a.j.r.p.AbstractSampleConsumer: class org.apache.jmeter.report.processor.graph.impl.ResponseTimePercentilesOverTimeGraphConsumer#stopProducing(): responseTimePercentilesOverTime produced 0 samples
2020-02-22 23:25:47,686 INFO o.a.j.r.p.AbstractSampleConsumer: class org.apache.jmeter.report.processor.graph.impl.ResponseTimeOverTimeGraphConsumer#stopProducing(): responseTimesOverTime produced 0 samples
2020-02-22 23:25:47,686 INFO o.a.j.r.p.AbstractSampleConsumer: class org.apache.jmeter.report.processor.graph.impl.ConnectTimeOverTimeGraphConsumer#stopProducing(): connectTimeOverTime produced 0 samples
2020-02-22 23:25:47,686 INFO o.a.j.r.p.AbstractSampleConsumer: class org.apache.jmeter.report.processor.graph.impl.LatencyOverTimeGraphConsumer#stopProducing(): latenciesOverTime produced 0 samples
2020-02-22 23:25:47,686 INFO o.a.j.r.p.AbstractSampleConsumer: class org.apache.jmeter.report.processor.FilterConsumer#stopProducing(): nameFilter produced 3435 samples
2020-02-22 23:25:47,686 INFO o.a.j.r.p.AbstractSampleConsumer: class org.apache.jmeter.report.processor.FilterConsumer#stopProducing(): dateRangeFilter produced 687 samples
2020-02-22 23:25:47,686 INFO o.a.j.r.p.AbstractSampleConsumer: class org.apache.jmeter.report.processor.NormalizerSampleConsumer#stopProducing(): normalizer produced 229 samples
2020-02-22 23:25:47,687 INFO o.a.j.r.p.CsvFileSampleSource: produce(): 229 samples produced in 164ms on channel 0
2020-02-22 23:25:47,687 INFO o.a.j.r.d.ReportGenerator: Exporting data using exporter:'json' of className:'org.apache.jmeter.report.dashboard.JsonExporter'
2020-02-22 23:25:47,690 INFO o.a.j.r.d.JsonExporter: Found data for consumer statisticsSummary in context
2020-02-22 23:25:47,691 INFO o.a.j.r.d.JsonExporter: Creating statistics for overall
2020-02-22 23:25:47,691 INFO o.a.j.r.d.JsonExporter: Creating statistics for other transactions
2020-02-22 23:25:47,692 INFO o.a.j.r.d.JsonExporter: Checking output folder
2020-02-22 23:25:47,693 INFO o.a.j.r.d.JsonExporter: Writing statistics JSON to /home/haolinwei/Apps/Public/docs/performance/file-upload/download/temp/dashboard/statistics.json
2020-02-22 23:25:47,855 INFO o.a.j.r.d.ReportGenerator: Exporting data using exporter:'html' of className:'org.apache.jmeter.report.dashboard.HtmlTemplateExporter'
2020-02-22 23:25:47,859 INFO o.a.j.r.d.HtmlTemplateExporter: Will generate dashboard in folder: /home/haolinwei/Apps/Public/docs/performance/file-upload/download/temp/dashboard
2020-02-22 23:25:47,959 INFO o.a.j.r.d.HtmlTemplateExporter: Report will be generated in: /home/haolinwei/Apps/Public/docs/performance/file-upload/download/temp/dashboard, creating folder structure
2020-02-22 23:25:47,963 INFO o.a.j.r.d.TemplateVisitor: Copying folder from '/home/haolinwei/Downloads/apache-jmeter-5.1.1/bin/report-template' to '/home/haolinwei/Apps/Public/docs/performance/file-upload/download/temp/dashboard', got message:[/home/haolinwei/Apps/Public/docs/performance/file-upload/download/temp/dashboard/statistics.json], found non empty folder with following content {}, will be ignored
2020-02-22 23:25:48,291 INFO o.a.j.JMeter: Dashboard generated
